{
  "RSpec": {
    "coverage": {
      "/Users/chukitow/Documents/ruby/edc_digital/app/controllers/home_controller.rb": [
        1,
        1,
        null,
        null
      ],
      "/Users/chukitow/Documents/ruby/edc_digital/app/controllers/application_controller.rb": [
        1,
        1,
        1,
        null,
        1,
        1,
        0,
        null,
        null
      ],
      "/Users/chukitow/Documents/ruby/edc_digital/spec/controllers/users_controller_spec.rb": [
        1,
        null,
        1,
        3,
        null,
        1,
        2,
        null,
        2,
        null,
        null,
        1,
        1,
        null,
        null,
        1,
        1,
        null,
        null
      ],
      "/Users/chukitow/Documents/ruby/edc_digital/app/controllers/users_controller.rb": [
        1,
        1,
        null,
        1,
        2,
        null,
        null
      ],
      "/Users/chukitow/Documents/ruby/edc_digital/spec/models/user_spec.rb": [
        1,
        null,
        1,
        1,
        null
      ]
    },
    "timestamp": 1468641089
  }
}
